<?xml version="1.0" encoding="UTF-8"?>
<!-- Generated by org.testng.reporters.JUnitXMLReporter -->
<testsuite ignored="0" hostname="LAPTOP-GSVU7D1C" failures="1" tests="9" name="Surefire test" time="57.058" errors="0" timestamp="2024-06-03T17:21:37 IST">
  <testcase classname="beauty.LaunchLoreal_Test" name="loreal" time="7.75"/>
  <testcase classname="beauty.LaunchNykaa_Test" name="nykaa" time="3.816"/>
  <testcase classname="beauty.LaunchSugar_Test" name="sugar" time="5.633"/>
  <testcase classname="ecom.DemoWebShop3_Test" name="books" time="6.748"/>
  <testcase classname="ecom.LaunchDemoWebShop_Test" name="demoWebShop" time="5.733"/>
  <testcase classname="ecom.Register_Test" name="register" time="6.333"/>
  <testcase classname="food.LaunchDominos_Test" name="dominos" time="4.801">
    <failure type="java.lang.NullPointerException" message="null value in entry: url=null">
      <![CDATA[java.lang.NullPointerException: null value in entry: url=null
at com.google.common.collect.CollectPreconditions.checkEntryNotNull(CollectPreconditions.java:33)
at com.google.common.collect.SingletonImmutableBiMap.<init>(SingletonImmutableBiMap.java:43)
at com.google.common.collect.ImmutableBiMap.of(ImmutableBiMap.java:83)
at com.google.common.collect.ImmutableMap.of(ImmutableMap.java:130)
at org.openqa.selenium.remote.DriverCommand.GET(DriverCommand.java:191)
at org.openqa.selenium.remote.RemoteWebDriver.get(RemoteWebDriver.java:304)
at food.LaunchDominos_Test.dominos(LaunchDominos_Test.java:15)
at java.base/java.util.ArrayList.forEach(ArrayList.java:1596)
... Removed 30 stack frames]]>
    </failure>
  </testcase> <!-- dominos -->
  <testcase classname="food.LaunchKFC_Test" name="kfc" time="7.631"/>
  <testcase classname="food.LaunchPizzaHut_Test" name="pizzaHut" time="8.592"/>
</testsuite> <!-- Surefire test -->
