<?xml version="1.0" encoding="UTF-8"?>
<testng-results ignored="0" total="9" passed="8" failed="1" skipped="0">
  <reporter-output>
  </reporter-output>
  <suite started-at="2024-06-03T17:20:40 IST" name="Surefire suite" finished-at="2024-06-03T17:21:37 IST" duration-ms="57058">
    <groups>
    </groups>
    <test started-at="2024-06-03T17:20:40 IST" name="Surefire test" finished-at="2024-06-03T17:21:37 IST" duration-ms="57058">
      <class name="ecom.Register_Test">
        <test-method signature="register()[pri:0, instance:ecom.Register_Test@40e6dfe1]" started-at="2024-06-03T17:21:10 IST" name="register" finished-at="2024-06-03T17:21:16 IST" duration-ms="6333" status="PASS">
          <reporter-output>
          </reporter-output>
        </test-method> <!-- register -->
      </class> <!-- ecom.Register_Test -->
      <class name="food.LaunchDominos_Test">
        <test-method signature="dominos()[pri:0, instance:food.LaunchDominos_Test@1b083826]" started-at="2024-06-03T17:21:16 IST" name="dominos" finished-at="2024-06-03T17:21:21 IST" duration-ms="4801" status="FAIL">
          <exception class="java.lang.NullPointerException">
            <message>
              <![CDATA[null value in entry: url=null]]>
            </message>
            <full-stacktrace>
              <![CDATA[java.lang.NullPointerException: null value in entry: url=null
at com.google.common.collect.CollectPreconditions.checkEntryNotNull(CollectPreconditions.java:33)
at com.google.common.collect.SingletonImmutableBiMap.<init>(SingletonImmutableBiMap.java:43)
at com.google.common.collect.ImmutableBiMap.of(ImmutableBiMap.java:83)
at com.google.common.collect.ImmutableMap.of(ImmutableMap.java:130)
at org.openqa.selenium.remote.DriverCommand.GET(DriverCommand.java:191)
at org.openqa.selenium.remote.RemoteWebDriver.get(RemoteWebDriver.java:304)
at food.LaunchDominos_Test.dominos(LaunchDominos_Test.java:15)
at java.base/jdk.internal.reflect.DirectMethodHandleAccessor.invoke(DirectMethodHandleAccessor.java:103)
at java.base/java.lang.reflect.Method.invoke(Method.java:580)
at org.testng.internal.MethodInvocationHelper.invokeMethod(MethodInvocationHelper.java:132)
at org.testng.internal.TestInvoker.invokeMethod(TestInvoker.java:599)
at org.testng.internal.TestInvoker.invokeTestMethod(TestInvoker.java:174)
at org.testng.internal.MethodRunner.runInSequence(MethodRunner.java:46)
at org.testng.internal.TestInvoker$MethodInvocationAgent.invoke(TestInvoker.java:822)
at org.testng.internal.TestInvoker.invokeTestMethods(TestInvoker.java:147)
at org.testng.internal.TestMethodWorker.invokeTestMethods(TestMethodWorker.java:146)
at org.testng.internal.TestMethodWorker.run(TestMethodWorker.java:128)
at java.base/java.util.ArrayList.forEach(ArrayList.java:1596)
at org.testng.TestRunner.privateRun(TestRunner.java:764)
at org.testng.TestRunner.run(TestRunner.java:585)
at org.testng.SuiteRunner.runTest(SuiteRunner.java:384)
at org.testng.SuiteRunner.runSequentially(SuiteRunner.java:378)
at org.testng.SuiteRunner.privateRun(SuiteRunner.java:337)
at org.testng.SuiteRunner.run(SuiteRunner.java:286)
at org.testng.SuiteRunnerWorker.runSuite(SuiteRunnerWorker.java:53)
at org.testng.SuiteRunnerWorker.run(SuiteRunnerWorker.java:96)
at org.testng.TestNG.runSuitesSequentially(TestNG.java:1218)
at org.testng.TestNG.runSuitesLocally(TestNG.java:1140)
at org.testng.TestNG.runSuites(TestNG.java:1069)
at org.testng.TestNG.run(TestNG.java:1037)
at org.apache.maven.surefire.testng.TestNGExecutor.run(TestNGExecutor.java:155)
at org.apache.maven.surefire.testng.TestNGDirectoryTestSuite.executeMulti(TestNGDirectoryTestSuite.java:169)
at org.apache.maven.surefire.testng.TestNGDirectoryTestSuite.execute(TestNGDirectoryTestSuite.java:88)
at org.apache.maven.surefire.testng.TestNGProvider.invoke(TestNGProvider.java:137)
at org.apache.maven.surefire.booter.ForkedBooter.runSuitesInProcess(ForkedBooter.java:385)
at org.apache.maven.surefire.booter.ForkedBooter.execute(ForkedBooter.java:162)
at org.apache.maven.surefire.booter.ForkedBooter.run(ForkedBooter.java:507)
at org.apache.maven.surefire.booter.ForkedBooter.main(ForkedBooter.java:495)
]]>
            </full-stacktrace>
          </exception> <!-- java.lang.NullPointerException -->
          <reporter-output>
          </reporter-output>
        </test-method> <!-- dominos -->
      </class> <!-- food.LaunchDominos_Test -->
      <class name="food.LaunchKFC_Test">
        <test-method signature="kfc()[pri:0, instance:food.LaunchKFC_Test@105fece7]" started-at="2024-06-03T17:21:21 IST" name="kfc" finished-at="2024-06-03T17:21:29 IST" duration-ms="7631" status="PASS">
          <reporter-output>
          </reporter-output>
        </test-method> <!-- kfc -->
      </class> <!-- food.LaunchKFC_Test -->
      <class name="food.LaunchPizzaHut_Test">
        <test-method signature="pizzaHut()[pri:0, instance:food.LaunchPizzaHut_Test@3ec300f1]" started-at="2024-06-03T17:21:29 IST" name="pizzaHut" finished-at="2024-06-03T17:21:37 IST" duration-ms="8592" status="PASS">
          <reporter-output>
          </reporter-output>
        </test-method> <!-- pizzaHut -->
      </class> <!-- food.LaunchPizzaHut_Test -->
      <class name="ecom.DemoWebShop3_Test">
        <test-method signature="books()[pri:0, instance:ecom.DemoWebShop3_Test@2145433b]" started-at="2024-06-03T17:20:58 IST" name="books" finished-at="2024-06-03T17:21:04 IST" duration-ms="6748" status="PASS">
          <reporter-output>
          </reporter-output>
        </test-method> <!-- books -->
      </class> <!-- ecom.DemoWebShop3_Test -->
      <class name="beauty.LaunchSugar_Test">
        <test-method signature="sugar()[pri:0, instance:beauty.LaunchSugar_Test@55a1c291]" started-at="2024-06-03T17:20:52 IST" name="sugar" finished-at="2024-06-03T17:20:58 IST" duration-ms="5633" status="PASS">
          <reporter-output>
          </reporter-output>
        </test-method> <!-- sugar -->
      </class> <!-- beauty.LaunchSugar_Test -->
      <class name="beauty.LaunchLoreal_Test">
        <test-method signature="loreal()[pri:0, instance:beauty.LaunchLoreal_Test@8e0379d]" started-at="2024-06-03T17:20:40 IST" name="loreal" finished-at="2024-06-03T17:20:48 IST" duration-ms="7750" status="PASS">
          <reporter-output>
          </reporter-output>
        </test-method> <!-- loreal -->
      </class> <!-- beauty.LaunchLoreal_Test -->
      <class name="beauty.LaunchNykaa_Test">
        <test-method signature="nykaa()[pri:0, instance:beauty.LaunchNykaa_Test@341b80b2]" started-at="2024-06-03T17:20:48 IST" name="nykaa" finished-at="2024-06-03T17:20:52 IST" duration-ms="3816" status="PASS">
          <reporter-output>
          </reporter-output>
        </test-method> <!-- nykaa -->
      </class> <!-- beauty.LaunchNykaa_Test -->
      <class name="ecom.LaunchDemoWebShop_Test">
        <test-method signature="demoWebShop()[pri:0, instance:ecom.LaunchDemoWebShop_Test@2890c451]" started-at="2024-06-03T17:21:04 IST" name="demoWebShop" finished-at="2024-06-03T17:21:10 IST" duration-ms="5733" status="PASS">
          <reporter-output>
          </reporter-output>
        </test-method> <!-- demoWebShop -->
      </class> <!-- ecom.LaunchDemoWebShop_Test -->
    </test> <!-- Surefire test -->
  </suite> <!-- Surefire suite -->
</testng-results>
