<?xml version="1.0" encoding="UTF-8"?>
<testng-results ignored="0" total="1" passed="1" failed="0" skipped="0">
  <reporter-output>
  </reporter-output>
  <suite started-at="2024-05-23T15:27:02 IST" name="Surefire suite" finished-at="2024-05-23T15:27:14 IST" duration-ms="11972">
    <groups>
    </groups>
    <test started-at="2024-05-23T15:27:02 IST" name="Surefire test" finished-at="2024-05-23T15:27:14 IST" duration-ms="11972">
      <class name="food.LaunchDominos_Test">
        <test-method signature="dominos()[pri:0, instance:food.LaunchDominos_Test@667a738]" started-at="2024-05-23T15:27:02 IST" name="dominos" finished-at="2024-05-23T15:27:14 IST" duration-ms="11946" status="PASS">
          <reporter-output>
          </reporter-output>
        </test-method> <!-- dominos -->
      </class> <!-- food.LaunchDominos_Test -->
    </test> <!-- Surefire test -->
  </suite> <!-- Surefire suite -->
</testng-results>
