<?xml version="1.0" encoding="UTF-8"?>
<!-- Generated by org.testng.reporters.JUnitXMLReporter -->
<testsuite ignored="0" hostname="LAPTOP-GSVU7D1C" failures="0" tests="3" name="Test" time="21.309" errors="0" timestamp="2024-05-22T16:57:46 IST">
  <testcase classname="ecom.DemoWebShop3_Test" name="books" time="9.22"/>
  <testcase classname="ecom.LaunchDemoWebShop_Test" name="demoWebShop" time="4.616"/>
  <testcase classname="ecom.Register_Test" name="register" time="7.444"/>
</testsuite> <!-- Test -->
