<?xml version="1.0" encoding="UTF-8"?>
<testng-results ignored="0" total="1" passed="1" failed="0" skipped="0">
  <reporter-output>
  </reporter-output>
  <suite started-at="2024-05-24T17:54:26 IST" name="Default suite" finished-at="2024-05-24T17:54:40 IST" duration-ms="13898">
    <groups>
    </groups>
    <test started-at="2024-05-24T17:54:26 IST" name="Default test" finished-at="2024-05-24T17:54:40 IST" duration-ms="13898">
      <class name="reports.Script01">
        <test-method signature="script01()[pri:0, instance:reports.Script01@1817d444]" started-at="2024-05-24T17:54:26 IST" name="script01" finished-at="2024-05-24T17:54:40 IST" duration-ms="13865" status="PASS">
          <reporter-output>
          </reporter-output>
        </test-method> <!-- script01 -->
      </class> <!-- reports.Script01 -->
    </test> <!-- Default test -->
  </suite> <!-- Default suite -->
</testng-results>
